INFO:  Adding File to context from classpath: C:\Users\Morpheus1101\.gradle\caches\modules-2\files-2.1\net.minecraftforge.gradle\ForgeGradle\2.2-SNAPSHOT\1fbb85ef4484068ee9daba208d633cba91e7af27\ForgeGradle-2.2-SNAPSHOT.jar
INFO:  Adding File to context from classpath: C:\Users\Morpheus1101\.gradle\caches\modules-2\files-2.1\org.apache.httpcomponents\httpcore\4.3.2\31fbbff1ddbf98f3aa7377c94d33b0447c646b6e\httpcore-4.3.2.jar
INFO:  Adding File to context from classpath: C:\Users\Morpheus1101\.gradle\caches\modules-2\files-2.1\commons-logging\commons-logging\1.1.3\f6f66e966c70a83ffbdb6f17a0919eaf7c8aca7f\commons-logging-1.1.3.jar
INFO:  Adding File to context from classpath: C:\Users\Morpheus1101\.gradle\caches\modules-2\files-2.1\commons-codec\commons-codec\1.6\b7f0fc8f61ecadeb3695f0b9464755eee44374d4\commons-codec-1.6.jar
INFO:  Adding File to context from classpath: C:\Users\Morpheus1101\.gradle\caches\modules-2\files-2.1\org.apache.httpcomponents\httpclient\4.3.3\18f4247ff4572a074444572cee34647c43e7c9c7\httpclient-4.3.3.jar
INFO:  Adding File to context from classpath: C:\Users\Morpheus1101\.gradle\caches\modules-2\files-2.1\trove\trove\1.0.2\112b40581ab9a4d3de4636d49985a7f686d181c8\trove-1.0.2.jar
INFO:  Adding File to context from classpath: C:\Users\Morpheus1101\.gradle\caches\modules-2\files-2.1\org.jvnet.localizer\localizer\1.12\6d456886a035b2c3f758059da1f91a823eaa4a62\localizer-1.12.jar
INFO:  Adding File to context from classpath: C:\Users\Morpheus1101\.gradle\caches\modules-2\files-2.1\commons-io\commons-io\1.4\a8762d07e76cfde2395257a5da47ba7c1dbd3dce\commons-io-1.4.jar
INFO:  Adding File to context from classpath: C:\Users\Morpheus1101\.gradle\caches\modules-2\files-2.1\org.ow2.asm\asm-debug-all\5.1\dde860d586960d55a87cd52c4fc1f5059c89cbc6\asm-debug-all-5.1.jar
INFO:  Adding File to context from classpath: C:\Users\Morpheus1101\.gradle\caches\modules-2\files-2.1\com.google.guava\guava\18.0\cce0823396aa693798f8882e64213b1772032b09\guava-18.0.jar
INFO:  Adding File to context from classpath: C:\Users\Morpheus1101\.gradle\caches\modules-2\files-2.1\net.sf.opencsv\opencsv\2.3\c23708cdb9e80a144db433e23344a788a1fd6599\opencsv-2.3.jar
INFO:  Adding File to context from classpath: C:\Users\Morpheus1101\.gradle\caches\modules-2\files-2.1\com.cloudbees\diff4j\1.1\645329c0d4ebbea5f73758929c6e63bab9e77204\diff4j-1.1.jar
INFO:  Adding File to context from classpath: C:\Users\Morpheus1101\.gradle\caches\modules-2\files-2.1\com.github.abrarsyed.jastyle\jAstyle\1.3\42431e5834cfb184d60be4142e2806cf2d806ea\jAstyle-1.3.jar
INFO:  Adding File to context from classpath: C:\Users\Morpheus1101\.gradle\caches\modules-2\files-2.1\net.sf.trove4j\trove4j\2.1.0\c82f2749a460b95de4c9d2466b62f18c23c7c914\trove4j-2.1.0.jar
INFO:  Adding File to context from classpath: C:\Users\Morpheus1101\.gradle\caches\modules-2\files-2.1\com.github.jponge\lzma-java\1.3\a25db9d4d385ccda4825ae1b47a7a61d86e595af\lzma-java-1.3.jar
INFO:  Adding File to context from classpath: C:\Users\Morpheus1101\.gradle\caches\modules-2\files-2.1\com.nothome\javaxdelta\2.0.1\d4f5d077f1b15c6f67595015d69572303ad3f66d\javaxdelta-2.0.1.jar
INFO:  Adding File to context from classpath: C:\Users\Morpheus1101\.gradle\caches\modules-2\files-2.1\com.google.code.gson\gson\2.2.4\a60a5e993c98c864010053cb901b7eab25306568\gson-2.2.4.jar
INFO:  Adding File to context from classpath: C:\Users\Morpheus1101\.gradle\caches\modules-2\files-2.1\com.github.tony19\named-regexp\0.2.3\370846bf3837952d981deb8f91e81da8c65b09e1\named-regexp-0.2.3.jar
INFO:  Adding File to context from classpath: C:\Users\Morpheus1101\.gradle\caches\modules-2\files-2.1\net.minecraftforge\fernflower\2.0-SNAPSHOT\67d785bbdf22477c158cbacb8116e29c9bced797\fernflower-2.0-SNAPSHOT.jar
INFO:  Adding File to context from classpath: C:\Users\Morpheus1101\.gradle\caches\modules-2\files-2.1\org.apache.httpcomponents\httpmime\4.3.3\e02368d7b56c0c376f227378a4f77de62864d020\httpmime-4.3.3.jar
INFO:  Adding File to context from classpath: C:\Users\Morpheus1101\.gradle\wrapper\dists\gradle-3.3-bin\64bhckfm0iuu9gap9hg3r7ev2\gradle-3.3\lib\groovy-all-2.4.7.jar
INFO:  Adding File to context from classpath: C:\Program Files\Java\jdk1.8.0_131\jre\lib\resources.jar
INFO:  Adding File to context from classpath: C:\Program Files\Java\jdk1.8.0_131\jre\lib\rt.jar
INFO:  Adding File to context from classpath: C:\Program Files\Java\jdk1.8.0_131\jre\lib\jsse.jar
INFO:  Adding File to context from classpath: C:\Program Files\Java\jdk1.8.0_131\jre\lib\jce.jar
INFO:  Adding File to context from classpath: C:\Program Files\Java\jdk1.8.0_131\jre\lib\charsets.jar
INFO:  Adding File to context from classpath: C:\Program Files\Java\jdk1.8.0_131\jre\lib\jfr.jar
